2025-11-25 22:53:49,853 - src.logg - INFO - App and DB connected.
2025-11-25 22:53:49,877 - src.logg - INFO - DB schema ready at ./data\clinicBook.db
2025-11-25 22:53:49,881 - src.logg - INFO - schema ensured in seeding.
2025-11-25 22:53:49,891 - src.logg - INFO - Seeding complete. DB at ./data\clinicBook.db
2025-11-25 22:53:50,969 - src.logg - INFO - App and DB connected.
2025-11-25 22:53:50,992 - src.logg - INFO - DB schema ready at ./data\clinicBook.db
2025-11-25 22:53:50,995 - src.logg - INFO - schema ensured in seeding.
2025-11-25 22:53:51,005 - src.logg - INFO - Seeding complete. DB at ./data\clinicBook.db
2025-11-25 22:54:11,172 - src.logg - INFO - App running..................
2025-11-25 22:54:11,256 - src.logg - INFO - App running..................

2025-11-26 18:11:01,271 - src.logg - INFO - App and DB connected.
2025-11-26 18:11:01,287 - src.logg - INFO - DB schema ready at ./data\clinicBook.db
2025-11-26 18:11:01,289 - src.logg - INFO - schema ensured in seeding.
2025-11-26 18:11:01,297 - src.logg - INFO - Seeding complete. DB at ./data\clinicBook.db
2025-11-26 18:11:01,870 - src.logg - INFO - App and DB connected.
2025-11-26 18:11:01,880 - src.logg - INFO - DB schema ready at ./data\clinicBook.db
2025-11-26 18:11:01,881 - src.logg - INFO - schema ensured in seeding.
2025-11-26 18:11:01,903 - src.logg - INFO - Seeding complete. DB at ./data\clinicBook.db
2025-11-26 18:16:28,977 - src.logg - INFO - 
App and DB connected.
2025-11-26 18:16:28,986 - src.logg - INFO - DB schema ready at ./data\clinicBook.db
2025-11-26 18:16:28,987 - src.logg - INFO - schema ensured in seeding.
2025-11-26 18:16:29,167 - src.logg - INFO - Seeding complete. DB at ./data\clinicBook.db
2025-11-26 18:17:13,239 - src.logg - INFO - App running..................
2025-11-26 18:17:13,295 - src.logg - INFO - App running..................
2025-11-26 18:17:32,139 - src.logg - INFO - 
App and DB connected.
2025-11-26 18:17:32,150 - src.logg - INFO - DB schema ready at ./data\clinicBook.db
2025-11-26 18:17:32,151 - src.logg - INFO - schema ensured in seeding.
2025-11-26 18:17:32,322 - src.logg - INFO - Seeding complete. DB at ./data\clinicBook.db
2025-11-26 18:17:32,872 - src.logg - INFO - 
App and DB connected.
2025-11-26 18:17:32,885 - src.logg - INFO - DB schema ready at ./data\clinicBook.db
2025-11-26 18:17:32,887 - src.logg - INFO - schema ensured in seeding.
2025-11-26 18:17:32,893 - src.logg - INFO - Seeding complete. DB at ./data\clinicBook.db
2025-11-26 18:26:24,881 - src.logg - INFO - App running..................
2025-11-26 18:26:24,939 - src.logg - INFO - App running..................
2025-11-27 14:07:28,155 - src.logg - INFO - 
App and DB connected.
2025-11-27 14:07:28,181 - src.logg - INFO - DB schema ready at ./data\clinicBook.db
2025-11-27 14:07:28,183 - src.logg - INFO - schema ensured in seeding.
2025-11-27 14:07:28,191 - src.logg - INFO - Seeding complete. DB at ./data\clinicBook.db
2025-11-27 14:07:28,836 - src.logg - INFO - 
App and DB connected.
2025-11-27 14:07:28,850 - src.logg - INFO - DB schema ready at ./data\clinicBook.db
2025-11-27 14:07:28,852 - src.logg - INFO - schema ensured in seeding.
2025-11-27 14:07:28,887 - src.logg - INFO - Seeding complete. DB at ./data\clinicBook.db
2025-11-27 14:08:53,593 - src.logg - INFO - New user registered.
2025-11-27 14:48:55,248 - src.logg - INFO - App running..................
2025-11-27 14:48:55,322 - src.logg - INFO - App running..................
